<?xml version="1.0" encoding="UTF-8"?>
<!-- Generated by org.testng.reporters.JUnitReportReporter -->
<testsuite hostname="Rimas-MacBook-Pro.local" failures="0" tests="1" name="testcases.LoginPageTest" time="8.481" errors="0" timestamp="31 Mar 2024 21:41:46 GMT" skipped="0">
  <testcase classname="testcases.LoginPageTest" name="loginPageTest" time="8.481"/>
</testsuite> <!-- testcases.LoginPageTest -->
