<?xml version="1.0" encoding="UTF-8"?>
<!-- Generated by org.testng.reporters.JUnitReportReporter -->
<testsuite hostname="Rimas-MacBook-Pro.local" failures="0" tests="1" name="testcases.LoginPageTest" time="6.528" errors="0" timestamp="31 Mar 2024 19:44:40 GMT" skipped="0">
  <testcase classname="testcases.LoginPageTest" name="loginPageTest" time="6.528"/>
</testsuite> <!-- testcases.LoginPageTest -->
